ERROR:__main__:DB write check unexpected error: (sqlite3.OperationalError) no such table: activity_logs
[SQL: INSERT INTO activity_logs (id, user_id, action, entity_type, entity_id, details, ip_address, user_agent, created_at) VALUES (?, ?, ?, ?, ?, ?, ?, ?, ?)]
[parameters: ('health_4f6b4de6baa94cef8d3837507c4dab7d', 'system', 'healthcheck', 'system', None, '{"ts": "2025-10-01T15:24:02.290824"}', None, None, '2025-10-01 12:24:02.301984')]
(Background on this error at: https://sqlalche.me/e/20/e3q8)
Traceback (most recent call last):
  File "/opt/homebrew/anaconda3/lib/python3.12/site-packages/sqlalchemy/engine/base.py", line 1969, in _exec_single_context
    self.dialect.do_execute(
  File "/opt/homebrew/anaconda3/lib/python3.12/site-packages/sqlalchemy/engine/default.py", line 922, in do_execute
    cursor.execute(statement, parameters)
sqlite3.OperationalError: no such table: activity_logs

The above exception was the direct cause of the following exception:

Traceback (most recent call last):
  File "/Users/omerozmen/Desktop/x-ear web app/backend/app.py", line 265, in _check_db_writeable
    db.session.flush()
  File "/opt/homebrew/anaconda3/lib/python3.12/site-packages/sqlalchemy/orm/scoping.py", line 941, in flush
    return self._proxied.flush(objects=objects)
           ^^^^^^^^^^^^^^^^^^^^^^^^^^^^^^^^^^^^
  File "/opt/homebrew/anaconda3/lib/python3.12/site-packages/sqlalchemy/orm/session.py", line 4312, in flush
    self._flush(objects)
  File "/opt/homebrew/anaconda3/lib/python3.12/site-packages/sqlalchemy/orm/session.py", line 4447, in _flush
    with util.safe_reraise():
         ^^^^^^^^^^^^^^^^^^^
  File "/opt/homebrew/anaconda3/lib/python3.12/site-packages/sqlalchemy/util/langhelpers.py", line 146, in __exit__
    raise exc_value.with_traceback(exc_tb)
  File "/opt/homebrew/anaconda3/lib/python3.12/site-packages/sqlalchemy/orm/session.py", line 4408, in _flush
    flush_context.execute()
  File "/opt/homebrew/anaconda3/lib/python3.12/site-packages/sqlalchemy/orm/unitofwork.py", line 466, in execute
    rec.execute(self)
  File "/opt/homebrew/anaconda3/lib/python3.12/site-packages/sqlalchemy/orm/unitofwork.py", line 642, in execute
    util.preloaded.orm_persistence.save_obj(
  File "/opt/homebrew/anaconda3/lib/python3.12/site-packages/sqlalchemy/orm/persistence.py", line 93, in save_obj
    _emit_insert_statements(
  File "/opt/homebrew/anaconda3/lib/python3.12/site-packages/sqlalchemy/orm/persistence.py", line 1043, in _emit_insert_statements
    result = connection.execute(
             ^^^^^^^^^^^^^^^^^^^
  File "/opt/homebrew/anaconda3/lib/python3.12/site-packages/sqlalchemy/engine/base.py", line 1416, in execute
    return meth(
           ^^^^^
  File "/opt/homebrew/anaconda3/lib/python3.12/site-packages/sqlalchemy/sql/elements.py", line 516, in _execute_on_connection
    return connection._execute_clauseelement(
           ^^^^^^^^^^^^^^^^^^^^^^^^^^^^^^^^^^
  File "/opt/homebrew/anaconda3/lib/python3.12/site-packages/sqlalchemy/engine/base.py", line 1639, in _execute_clauseelement
    ret = self._execute_context(
          ^^^^^^^^^^^^^^^^^^^^^^
  File "/opt/homebrew/anaconda3/lib/python3.12/site-packages/sqlalchemy/engine/base.py", line 1848, in _execute_context
    return self._exec_single_context(
           ^^^^^^^^^^^^^^^^^^^^^^^^^^
  File "/opt/homebrew/anaconda3/lib/python3.12/site-packages/sqlalchemy/engine/base.py", line 1988, in _exec_single_context
    self._handle_dbapi_exception(
  File "/opt/homebrew/anaconda3/lib/python3.12/site-packages/sqlalchemy/engine/base.py", line 2343, in _handle_dbapi_exception
    raise sqlalchemy_exception.with_traceback(exc_info[2]) from e
  File "/opt/homebrew/anaconda3/lib/python3.12/site-packages/sqlalchemy/engine/base.py", line 1969, in _exec_single_context
    self.dialect.do_execute(
  File "/opt/homebrew/anaconda3/lib/python3.12/site-packages/sqlalchemy/engine/default.py", line 922, in do_execute
    cursor.execute(statement, parameters)
sqlalchemy.exc.OperationalError: (sqlite3.OperationalError) no such table: activity_logs
[SQL: INSERT INTO activity_logs (id, user_id, action, entity_type, entity_id, details, ip_address, user_agent, created_at) VALUES (?, ?, ?, ?, ?, ?, ?, ?, ?)]
[parameters: ('health_4f6b4de6baa94cef8d3837507c4dab7d', 'system', 'healthcheck', 'system', None, '{"ts": "2025-10-01T15:24:02.290824"}', None, None, '2025-10-01 12:24:02.301984')]
(Background on this error at: https://sqlalche.me/e/20/e3q8)
CRITICAL:__main__:Database is not writable at startup. Application will continue in degraded mode.
INFO:__main__:Starting Flask development server on 0.0.0.0:5003
 * Serving Flask app 'app'
 * Debug mode: off
INFO:werkzeug:[31m[1mWARNING: This is a development server. Do not use it in a production deployment. Use a production WSGI server instead.[0m
 * Running on all addresses (0.0.0.0)
 * Running on http://127.0.0.1:5003
 * Running on http://192.168.1.114:5003
INFO:werkzeug:[33mPress CTRL+C to quit[0m
INFO:werkzeug:127.0.0.1 - - [01/Oct/2025 15:24:25] "OPTIONS /api/dashboard/kpis HTTP/1.1" 200 -
INFO:werkzeug:127.0.0.1 - - [01/Oct/2025 15:24:25] "GET /api/dashboard/kpis HTTP/1.1" 200 -
